
The following files have been resolved:
   org.codehaus.jettison:jettison:jar:1.2:runtime
   com.jcraft:jsch:jar:0.1.50:compile
   com.netflix.netflix-commons:netflix-commons-util:jar:0.1.1:runtime
   io.netty:netty-transport-native-epoll:jar:4.0.25.Final:runtime
   commons-configuration:commons-configuration:jar:1.8:runtime
   org.springframework.security:spring-security-rsa:jar:1.0.1.RELEASE:compile
   org.eclipse.jgit:org.eclipse.jgit:jar:3.5.3.201412180710-r:compile
   org.yaml:snakeyaml:jar:1.14:compile
   aopalliance:aopalliance:jar:1.0:compile
   io.netty:netty-transport:jar:4.0.25.Final:runtime
   org.slf4j:log4j-over-slf4j:jar:1.7.13:compile
   com.netflix.ribbon:ribbon-loadbalancer:jar:2.0.0:compile
   com.netflix.ribbon:ribbon-eureka:jar:2.0.0:compile
   com.sun.jersey.contribs:jersey-apache-client4:jar:1.11:runtime
   com.netflix.servo:servo-core:jar:0.7.4:runtime
   org.apache.tomcat.embed:tomcat-embed-el:jar:8.0.30:compile
   org.apache.httpcomponents:httpclient:jar:4.3.6:compile
   org.springframework.boot:spring-boot:jar:1.2.8.RELEASE:compile
   org.bouncycastle:bcprov-jdk15on:jar:1.47:compile
   org.bouncycastle:bcpkix-jdk15on:jar:1.47:compile
   org.springframework:spring-aop:jar:4.1.9.RELEASE:compile
   io.reactivex:rxnetty-servo:jar:0.4.6:runtime
   ch.qos.logback:logback-classic:jar:1.1.3:compile
   xmlpull:xmlpull:jar:1.1.3.1:compile
   com.google.inject:guice:jar:3.0:runtime
   io.reactivex:rxnetty:jar:0.4.6:runtime
   org.slf4j:slf4j-api:jar:1.7.13:compile
   io.netty:netty-common:jar:4.0.25.Final:runtime
   org.springframework:spring-expression:jar:4.1.9.RELEASE:compile
   org.springframework.cloud:spring-cloud-starter:jar:1.0.6.RELEASE:compile
   org.springframework.boot:spring-boot-starter-web:jar:1.2.8.RELEASE:compile
   org.apache.tomcat.embed:tomcat-embed-core:jar:8.0.30:compile
   com.fasterxml.jackson.core:jackson-annotations:jar:2.4.6:compile
   org.springframework.cloud:spring-cloud-config-client:jar:1.0.4.RELEASE:compile
   com.googlecode.javaewah:JavaEWAH:jar:0.7.9:compile
   org.slf4j:jul-to-slf4j:jar:1.7.13:compile
   javax.validation:validation-api:jar:1.1.0.Final:compile
   com.sun.jersey:jersey-client:jar:1.13:runtime
   org.springframework.boot:spring-boot-autoconfigure:jar:1.2.8.RELEASE:compile
   commons-codec:commons-codec:jar:1.6:compile
   org.apache.tomcat.embed:tomcat-embed-logging-juli:jar:8.0.30:compile
   org.apache.tomcat.embed:tomcat-embed-websocket:jar:8.0.30:compile
   org.springframework:spring-core:jar:4.1.9.RELEASE:compile
   org.springframework:spring-context:jar:4.1.9.RELEASE:compile
   org.springframework.cloud:spring-cloud-config-server:jar:1.0.4.RELEASE:compile
   com.fasterxml:classmate:jar:1.0.0:compile
   org.apache.httpcomponents:httpcore:jar:4.3.3:compile
   org.springframework.boot:spring-boot-starter:jar:1.2.8.RELEASE:compile
   org.springframework.cloud:spring-cloud-starter-eureka:jar:1.0.6.RELEASE:compile
   org.springframework.boot:spring-boot-starter-logging:jar:1.2.8.RELEASE:compile
   io.netty:netty-codec-http:jar:4.0.25.Final:runtime
   io.netty:netty-buffer:jar:4.0.25.Final:runtime
   ch.qos.logback:logback-core:jar:1.1.3:compile
   io.reactivex:rxjava:jar:1.0.11:compile
   org.springframework:spring-webmvc:jar:4.1.9.RELEASE:compile
   commons-lang:commons-lang:jar:2.6:runtime
   xpp3:xpp3_min:jar:1.1.4c:compile
   com.fasterxml.jackson.core:jackson-databind:jar:2.4.6:compile
   org.jboss.logging:jboss-logging:jar:3.1.3.GA:compile
   com.netflix.netflix-commons:netflix-statistics:jar:0.1.1:runtime
   com.netflix.ribbon:ribbon-httpclient:jar:2.0.0:compile
   io.netty:netty-handler:jar:4.0.25.Final:runtime
   com.netflix.ribbon:ribbon-core:jar:2.0.0:compile
   com.netflix.archaius:archaius-core:jar:0.6.5:runtime
   com.netflix.governator:governator:jar:1.2.10:runtime
   org.hibernate:hibernate-validator:jar:5.1.3.Final:compile
   org.springframework.security:spring-security-crypto:jar:3.2.9.RELEASE:compile
   javax.ws.rs:jsr311-api:jar:1.1.1:runtime
   com.netflix.ribbon:ribbon-transport:jar:2.0.0:runtime
   com.netflix.eureka:eureka-client:jar:1.1.147:compile
   org.springframework.cloud:spring-cloud-context:jar:1.0.5.RELEASE:compile
   javax.inject:javax.inject:jar:1:runtime
   io.netty:netty-codec:jar:4.0.25.Final:runtime
   org.springframework.boot:spring-boot-starter-actuator:jar:1.2.8.RELEASE:compile
   org.springframework.boot:spring-boot-starter-tomcat:jar:1.2.8.RELEASE:compile
   com.sun.jersey:jersey-core:jar:1.13:runtime
   org.springframework.cloud:spring-cloud-commons:jar:1.0.5.RELEASE:compile
   org.springframework.cloud:spring-cloud-starter-ribbon:jar:1.0.6.RELEASE:compile
   org.slf4j:jcl-over-slf4j:jar:1.7.13:compile
   commons-collections:commons-collections:jar:3.2.2:runtime
   com.thoughtworks.xstream:xstream:jar:1.4.2:compile
   com.google.guava:guava:jar:18.0:runtime
   org.springframework.boot:spring-boot-actuator:jar:1.2.8.RELEASE:compile
   org.springframework.cloud:spring-cloud-netflix-core:jar:1.0.7.RELEASE:compile
   io.reactivex:rxnetty-contexts:jar:0.4.6:runtime
   com.netflix.hystrix:hystrix-core:jar:1.4.10:runtime
   com.netflix.netflix-commons:netflix-eventbus:jar:0.1.2:runtime
   com.netflix.ribbon:ribbon:jar:2.0.0:compile
   org.springframework:spring-beans:jar:4.1.9.RELEASE:compile
   com.fasterxml.jackson.core:jackson-core:jar:2.4.6:compile
   stax:stax-api:jar:1.0.1:runtime
   org.springframework:spring-web:jar:4.1.9.RELEASE:compile

