
The following files have been resolved:
   org.springframework:spring-core:jar:4.1.9.RELEASE:compile
   org.springframework:spring-context:jar:4.1.9.RELEASE:compile
   com.fasterxml:classmate:jar:1.0.0:compile
   org.springframework.boot:spring-boot-starter:jar:1.2.8.RELEASE:compile
   org.yaml:snakeyaml:jar:1.14:compile
   aopalliance:aopalliance:jar:1.0:compile
   org.springframework.boot:spring-boot-starter-logging:jar:1.2.8.RELEASE:compile
   org.slf4j:log4j-over-slf4j:jar:1.7.13:compile
   ch.qos.logback:logback-core:jar:1.1.3:compile
   org.springframework:spring-webmvc:jar:4.1.9.RELEASE:compile
   org.apache.tomcat.embed:tomcat-embed-el:jar:8.0.30:compile
   org.springframework.boot:spring-boot:jar:1.2.8.RELEASE:compile
   com.fasterxml.jackson.core:jackson-databind:jar:2.4.6:compile
   org.jboss.logging:jboss-logging:jar:3.1.3.GA:compile
   org.springframework:spring-aop:jar:4.1.9.RELEASE:compile
   org.hibernate:hibernate-validator:jar:5.1.3.Final:compile
   ch.qos.logback:logback-classic:jar:1.1.3:compile
   org.springframework.boot:spring-boot-starter-actuator:jar:1.2.8.RELEASE:compile
   org.springframework.boot:spring-boot-starter-tomcat:jar:1.2.8.RELEASE:compile
   org.slf4j:jcl-over-slf4j:jar:1.7.13:compile
   org.slf4j:slf4j-api:jar:1.7.13:compile
   org.springframework:spring-expression:jar:4.1.9.RELEASE:compile
   org.springframework.boot:spring-boot-actuator:jar:1.2.8.RELEASE:compile
   org.springframework.boot:spring-boot-starter-web:jar:1.2.8.RELEASE:compile
   org.apache.tomcat.embed:tomcat-embed-core:jar:8.0.30:compile
   com.fasterxml.jackson.core:jackson-annotations:jar:2.4.6:compile
   org.slf4j:jul-to-slf4j:jar:1.7.13:compile
   javax.validation:validation-api:jar:1.1.0.Final:compile
   org.springframework.boot:spring-boot-autoconfigure:jar:1.2.8.RELEASE:compile
   org.springframework:spring-beans:jar:4.1.9.RELEASE:compile
   org.apache.tomcat.embed:tomcat-embed-logging-juli:jar:8.0.30:compile
   org.apache.tomcat.embed:tomcat-embed-websocket:jar:8.0.30:compile
   com.fasterxml.jackson.core:jackson-core:jar:2.4.6:compile
   org.springframework:spring-web:jar:4.1.9.RELEASE:compile

